d:\spring 2017\financial computing\team project\exceldriver - stack2 - 0505\exceldriver\debug\vc140.pdb
d:\spring 2017\financial computing\team project\exceldriver - stack2 - 0505 - copy (2)\exceldriver\debug\vc140.pdb
c:\users\chuhan\desktop\ping's version\exceldriver - 0506\exceldriver\debug\exceldriver.pch
c:\users\chuhan\desktop\ping's version\exceldriver - 0506\exceldriver\debug\vc141.pdb
c:\users\chuhan\desktop\ping's version\exceldriver - 0506\exceldriver\debug\vc141.idb
c:\users\chuhan\desktop\ping's version\exceldriver - 0506\exceldriver\debug\stdafx.obj
c:\users\chuhan\desktop\ping's version\exceldriver - 0506\exceldriver\debug\stringconversions.obj
c:\users\chuhan\desktop\ping's version\exceldriver - 0506\exceldriver\debug\exceldriver.obj
c:\users\chuhan\desktop\ping's version\exceldriver - 0506\exceldriver\debug\excelimports.obj
c:\users\chuhan\desktop\ping's version\exceldriver - 0506\exceldriver\debug\excelmechanisms.obj
c:\users\chuhan\desktop\ping's version\exceldriver - 0506\exceldriver\debug\datasimexception.obj
c:\users\chuhan\desktop\ping's version\exceldriver - 0506\exceldriver\debug\displayinexcel.obj
c:\users\chuhan\desktop\ping's version\exceldriver - 0506\exceldriver\debug\stock.obj
c:\users\chuhan\desktop\ping's version\exceldriver - 0506\exceldriver\debug\test.obj
d:\spring 2017\financial computing\team project\my group\final version\0507 edited\exceldriver\debug\exceldriver.pch
d:\spring 2017\financial computing\team project\my group\final version\0507 edited\exceldriver\debug\vc140.pdb
d:\spring 2017\financial computing\team project\my group\final version\0507 edited\exceldriver\debug\vc140.idb
d:\spring 2017\financial computing\team project\my group\final version\0507 edited\exceldriver\debug\stdafx.obj
d:\spring 2017\financial computing\team project\my group\final version\0507 edited\exceldriver\debug\stringconversions.obj
d:\spring 2017\financial computing\team project\my group\final version\0507 edited\exceldriver\debug\exceldriver.obj
d:\spring 2017\financial computing\team project\my group\final version\0507 edited\exceldriver\debug\excelimports.obj
d:\spring 2017\financial computing\team project\my group\final version\0507 edited\exceldriver\debug\excelmechanisms.obj
d:\spring 2017\financial computing\team project\my group\final version\0507 edited\exceldriver\debug\datasimexception.obj
d:\spring 2017\financial computing\team project\my group\final version\0507 edited\exceldriver\debug\displayinexcel.obj
d:\spring 2017\financial computing\team project\exceldriver - stack2 - 0505\debug\exceldriver.ilk
d:\spring 2017\financial computing\team project\exceldriver - stack2 - 0505\debug\exceldriver.exe
d:\spring 2017\financial computing\team project\exceldriver - stack2 - 0505\debug\exceldriver.pdb
d:\spring 2017\financial computing\team project\exceldriver - stack2 - 0505 - copy (2)\debug\exceldriver.ilk
d:\spring 2017\financial computing\team project\exceldriver - stack2 - 0505 - copy (2)\debug\exceldriver.exe
d:\spring 2017\financial computing\team project\exceldriver - stack2 - 0505 - copy (2)\debug\exceldriver.pdb
c:\users\chuhan\desktop\ping's version\exceldriver - 0506\debug\exceldriver.ilk
c:\users\chuhan\desktop\ping's version\exceldriver - 0506\debug\exceldriver.exe
c:\users\chuhan\desktop\ping's version\exceldriver - 0506\debug\exceldriver.pdb
d:\spring 2017\financial computing\team project\my group\final version\0507 edited\exceldriver\debug\excel.tli
d:\spring 2017\financial computing\team project\my group\final version\0507 edited\exceldriver\debug\mso.tli
d:\spring 2017\financial computing\team project\my group\final version\0507 edited\exceldriver\debug\vbe6ext.tli
d:\spring 2017\financial computing\team project\my group\final version\0507 edited\exceldriver\debug\excel.tlh
d:\spring 2017\financial computing\team project\my group\final version\0507 edited\exceldriver\debug\mso.tlh
d:\spring 2017\financial computing\team project\my group\final version\0507 edited\exceldriver\debug\vbe6ext.tlh
d:\spring 2017\financial computing\team project\my group\final version\0507 edited\exceldriver\debug\vc141.idb
d:\spring 2017\financial computing\team project\my group\final version\0507 edited\exceldriver\debug\vc141.pdb
d:\spring 2017\financial computing\team project\my group\final version\0507 edited\debug\exceldriver.pdb
d:\spring 2017\financial computing\team project\my group\final version\0507 edited\debug\exceldriver.exe
d:\spring 2017\financial computing\team project\my group\final version\0507 edited\debug\exceldriver.ilk
d:\spring 2017\financial computing\team project\my group\final version\0507 edited\exceldriver\debug\exceldriver.tlog\cl.command.1.tlog
d:\spring 2017\financial computing\team project\my group\final version\0507 edited\exceldriver\debug\exceldriver.tlog\cl.read.1.tlog
d:\spring 2017\financial computing\team project\my group\final version\0507 edited\exceldriver\debug\exceldriver.tlog\cl.write.1.tlog
d:\spring 2017\financial computing\team project\my group\final version\0507 edited\exceldriver\debug\exceldriver.tlog\link.command.1.tlog
d:\spring 2017\financial computing\team project\my group\final version\0507 edited\exceldriver\debug\exceldriver.tlog\link.delete.1.tlog
d:\spring 2017\financial computing\team project\my group\final version\0507 edited\exceldriver\debug\exceldriver.tlog\link.read.1.tlog
d:\spring 2017\financial computing\team project\my group\final version\0507 edited\exceldriver\debug\exceldriver.tlog\link.write.1.tlog
